This is pdfTeX, Version 3.14159265-2.6-1.40.19 (TeX Live 2018) (preloaded format=pdflatex 2018.9.1)  24 SEP 2020 10:57
entering extended mode
 restricted \write18 enabled.
 file:line:error style messages enabled.
 %&-line parsing enabled.
**HW2.tex
(./HW2.tex
LaTeX2e <2018-04-01> patch level 2
Babel <3.18> and hyphenation patterns for 84 language(s) loaded.
(/usr/local/texlive/2018/texmf-dist/tex/latex/base/article.cls
Document Class: article 2014/09/29 v1.4h Standard LaTeX document class
(/usr/local/texlive/2018/texmf-dist/tex/latex/base/size12.clo
File: size12.clo 2014/09/29 v1.4h Standard LaTeX file (size option)
)
\c@part=\count80
\c@section=\count81
\c@subsection=\count82
\c@subsubsection=\count83
\c@paragraph=\count84
\c@subparagraph=\count85
\c@figure=\count86
\c@table=\count87
\abovecaptionskip=\skip41
\belowcaptionskip=\skip42
\bibindent=\dimen102
)
(/usr/local/texlive/2018/texmf-dist/tex/latex/graphics/epsfig.sty
Package: epsfig 2017/06/25 v1.7b (e)psfig emulation (SPQR)

(/usr/local/texlive/2018/texmf-dist/tex/latex/graphics/graphicx.sty
Package: graphicx 2017/06/01 v1.1a Enhanced LaTeX Graphics (DPC,SPQR)

(/usr/local/texlive/2018/texmf-dist/tex/latex/graphics/keyval.sty
Package: keyval 2014/10/28 v1.15 key=value parser (DPC)
\KV@toks@=\toks14
)
(/usr/local/texlive/2018/texmf-dist/tex/latex/graphics/graphics.sty
Package: graphics 2017/06/25 v1.2c Standard LaTeX Graphics (DPC,SPQR)

(/usr/local/texlive/2018/texmf-dist/tex/latex/graphics/trig.sty
Package: trig 2016/01/03 v1.10 sin cos tan (DPC)
)
(/usr/local/texlive/2018/texmf-dist/tex/latex/graphics-cfg/graphics.cfg
File: graphics.cfg 2016/06/04 v1.11 sample graphics configuration
)
Package graphics Info: Driver file: pdftex.def on input line 99.

(/usr/local/texlive/2018/texmf-dist/tex/latex/graphics-def/pdftex.def
File: pdftex.def 2018/01/08 v1.0l Graphics/color driver for pdftex
))
\Gin@req@height=\dimen103
\Gin@req@width=\dimen104
)
\epsfxsize=\dimen105
\epsfysize=\dimen106
)
(/usr/local/texlive/2018/texmf-dist/tex/latex/amsmath/amsmath.sty
Package: amsmath 2017/09/02 v2.17a AMS math features
\@mathmargin=\skip43

For additional information on amsmath, use the `?' option.
(/usr/local/texlive/2018/texmf-dist/tex/latex/amsmath/amstext.sty
Package: amstext 2000/06/29 v2.01 AMS text

(/usr/local/texlive/2018/texmf-dist/tex/latex/amsmath/amsgen.sty
File: amsgen.sty 1999/11/30 v2.0 generic functions
\@emptytoks=\toks15
\ex@=\dimen107
))
(/usr/local/texlive/2018/texmf-dist/tex/latex/amsmath/amsbsy.sty
Package: amsbsy 1999/11/29 v1.2d Bold Symbols
\pmbraise@=\dimen108
)
(/usr/local/texlive/2018/texmf-dist/tex/latex/amsmath/amsopn.sty
Package: amsopn 2016/03/08 v2.02 operator names
)
\inf@bad=\count88
LaTeX Info: Redefining \frac on input line 213.
\uproot@=\count89
\leftroot@=\count90
LaTeX Info: Redefining \overline on input line 375.
\classnum@=\count91
\DOTSCASE@=\count92
LaTeX Info: Redefining \ldots on input line 472.
LaTeX Info: Redefining \dots on input line 475.
LaTeX Info: Redefining \cdots on input line 596.
\Mathstrutbox@=\box26
\strutbox@=\box27
\big@size=\dimen109
LaTeX Font Info:    Redeclaring font encoding OML on input line 712.
LaTeX Font Info:    Redeclaring font encoding OMS on input line 713.
\macc@depth=\count93
\c@MaxMatrixCols=\count94
\dotsspace@=\muskip10
\c@parentequation=\count95
\dspbrk@lvl=\count96
\tag@help=\toks16
\row@=\count97
\column@=\count98
\maxfields@=\count99
\andhelp@=\toks17
\eqnshift@=\dimen110
\alignsep@=\dimen111
\tagshift@=\dimen112
\tagwidth@=\dimen113
\totwidth@=\dimen114
\lineht@=\dimen115
\@envbody=\toks18
\multlinegap=\skip44
\multlinetaggap=\skip45
\mathdisplay@stack=\toks19
LaTeX Info: Redefining \[ on input line 2817.
LaTeX Info: Redefining \] on input line 2818.
)
(/usr/local/texlive/2018/texmf-dist/tex/latex/amscls/amsthm.sty
Package: amsthm 2017/10/31 v2.20.4
\thm@style=\toks20
\thm@bodyfont=\toks21
\thm@headfont=\toks22
\thm@notefont=\toks23
\thm@headpunct=\toks24
\thm@preskip=\skip46
\thm@postskip=\skip47
\thm@headsep=\skip48
\dth@everypar=\toks25
)
(/usr/local/texlive/2018/texmf-dist/tex/latex/listings/listings.sty
\lst@mode=\count100
\lst@gtempboxa=\box28
\lst@token=\toks26
\lst@length=\count101
\lst@currlwidth=\dimen116
\lst@column=\count102
\lst@pos=\count103
\lst@lostspace=\dimen117
\lst@width=\dimen118
\lst@newlines=\count104
\lst@lineno=\count105
\lst@maxwidth=\dimen119

(/usr/local/texlive/2018/texmf-dist/tex/latex/listings/lstmisc.sty
File: lstmisc.sty 2015/06/04 1.6 (Carsten Heinz)
\c@lstnumber=\count106
\lst@skipnumbers=\count107
\lst@framebox=\box29
)
(/usr/local/texlive/2018/texmf-dist/tex/latex/listings/listings.cfg
File: listings.cfg 2015/06/04 1.6 listings configuration
))
Package: listings 2015/06/04 1.6 (Carsten Heinz)
\c@lemma=\count108
\c@theorem=\count109

(/usr/local/texlive/2018/texmf-dist/tex/latex/titlesec/titlesec.sty
Package: titlesec 2016/03/21 v2.10.2 Sectioning titles
\ttl@box=\box30
\beforetitleunit=\skip49
\aftertitleunit=\skip50
\ttl@plus=\dimen120
\ttl@minus=\dimen121
\ttl@toksa=\toks27
\titlewidth=\dimen122
\titlewidthlast=\dimen123
\titlewidthfirst=\dimen124
)
\toppush=\skip51
 (./HW2.aux)
\openout1 = `HW2.aux'.

LaTeX Font Info:    Checking defaults for OML/cmm/m/it on input line 42.
LaTeX Font Info:    ... okay on input line 42.
LaTeX Font Info:    Checking defaults for T1/cmr/m/n on input line 42.
LaTeX Font Info:    ... okay on input line 42.
LaTeX Font Info:    Checking defaults for OT1/cmr/m/n on input line 42.
LaTeX Font Info:    ... okay on input line 42.
LaTeX Font Info:    Checking defaults for OMS/cmsy/m/n on input line 42.
LaTeX Font Info:    ... okay on input line 42.
LaTeX Font Info:    Checking defaults for OMX/cmex/m/n on input line 42.
LaTeX Font Info:    ... okay on input line 42.
LaTeX Font Info:    Checking defaults for U/cmr/m/n on input line 42.
LaTeX Font Info:    ... okay on input line 42.
 (/usr/local/texlive/2018/texmf-dist/tex/context/base/mkii/supp-pdf.mkii
[Loading MPS to PDF converter (version 2006.09.02).]
\scratchcounter=\count110
\scratchdimen=\dimen125
\scratchbox=\box31
\nofMPsegments=\count111
\nofMParguments=\count112
\everyMPshowfont=\toks28
\MPscratchCnt=\count113
\MPscratchDim=\dimen126
\MPnumerator=\count114
\makeMPintoPDFobject=\count115
\everyMPtoPDFconversion=\toks29
) (/usr/local/texlive/2018/texmf-dist/tex/latex/oberdiek/epstopdf-base.sty
Package: epstopdf-base 2016/05/15 v2.6 Base part for package epstopdf

(/usr/local/texlive/2018/texmf-dist/tex/generic/oberdiek/infwarerr.sty
Package: infwarerr 2016/05/16 v1.4 Providing info/warning/error messages (HO)
)
(/usr/local/texlive/2018/texmf-dist/tex/latex/oberdiek/grfext.sty
Package: grfext 2016/05/16 v1.2 Manage graphics extensions (HO)

(/usr/local/texlive/2018/texmf-dist/tex/generic/oberdiek/kvdefinekeys.sty
Package: kvdefinekeys 2016/05/16 v1.4 Define keys (HO)

(/usr/local/texlive/2018/texmf-dist/tex/generic/oberdiek/ltxcmds.sty
Package: ltxcmds 2016/05/16 v1.23 LaTeX kernel commands for general use (HO)
)))
(/usr/local/texlive/2018/texmf-dist/tex/latex/oberdiek/kvoptions.sty
Package: kvoptions 2016/05/16 v3.12 Key value format for package options (HO)

(/usr/local/texlive/2018/texmf-dist/tex/generic/oberdiek/kvsetkeys.sty
Package: kvsetkeys 2016/05/16 v1.17 Key value parser (HO)

(/usr/local/texlive/2018/texmf-dist/tex/generic/oberdiek/etexcmds.sty
Package: etexcmds 2016/05/16 v1.6 Avoid name clashes with e-TeX commands (HO)

(/usr/local/texlive/2018/texmf-dist/tex/generic/oberdiek/ifluatex.sty
Package: ifluatex 2016/05/16 v1.4 Provides the ifluatex switch (HO)
Package ifluatex Info: LuaTeX not detected.
)
Package etexcmds Info: Could not find \expanded.
(etexcmds)             That can mean that you are not using pdfTeX 1.50 or
(etexcmds)             that some package has redefined \expanded.
(etexcmds)             In the latter case, load this package earlier.
)))
(/usr/local/texlive/2018/texmf-dist/tex/generic/oberdiek/pdftexcmds.sty
Package: pdftexcmds 2018/01/30 v0.27 Utility functions of pdfTeX for LuaTeX (HO
)

(/usr/local/texlive/2018/texmf-dist/tex/generic/oberdiek/ifpdf.sty
Package: ifpdf 2017/03/15 v3.2 Provides the ifpdf switch
)
Package pdftexcmds Info: LuaTeX not detected.
Package pdftexcmds Info: \pdf@primitive is available.
Package pdftexcmds Info: \pdf@ifprimitive is available.
Package pdftexcmds Info: \pdfdraftmode found.
)
Package epstopdf-base Info: Redefining graphics rule for `.eps' on input line 4
38.
Package grfext Info: Graphics extension search list:
(grfext)             [.pdf,.png,.jpg,.mps,.jpeg,.jbig2,.jb2,.PDF,.PNG,.JPG,.JPE
G,.JBIG2,.JB2,.eps]
(grfext)             \AppendGraphicsExtensions on input line 456.

(/usr/local/texlive/2018/texmf-dist/tex/latex/latexconfig/epstopdf-sys.cfg
File: epstopdf-sys.cfg 2010/07/13 v1.3 Configuration of (r)epstopdf for TeX Liv
e
))
\c@lstlisting=\count116
<./images/1.png, id=1, 1105.12875pt x 1105.12875pt>
File: ./images/1.png Graphic file (type png)
<use ./images/1.png>
Package pdftex.def Info: ./images/1.png  used on input line 48.
(pdftex.def)             Requested size: 390.0pt x 389.98795pt.

[1

{/usr/local/texlive/2018/texmf-var/fonts/map/pdftex/updmap/pdftex.map} <./image
s/1.png>]
<./images/2.png, id=11, 379.4175pt x 252.945pt>
File: ./images/2.png Graphic file (type png)
<use ./images/2.png>
Package pdftex.def Info: ./images/2.png  used on input line 54.
(pdftex.def)             Requested size: 265.59042pt x 177.06029pt.
<./images/3.png, id=12, 373.395pt x 252.945pt>
File: ./images/3.png Graphic file (type png)
<use ./images/3.png>
Package pdftex.def Info: ./images/3.png  used on input line 55.
(pdftex.def)             Requested size: 261.37471pt x 177.06029pt.
 [2 <./images/2.png>]
<./images/4.png, id=17, 383.4325pt x 252.945pt>
File: ./images/4.png Graphic file (type png)
<use ./images/4.png>
Package pdftex.def Info: ./images/4.png  used on input line 57.
(pdftex.def)             Requested size: 268.40092pt x 177.06029pt.
<./images/5.png, id=18, 373.395pt x 252.945pt>
File: ./images/5.png Graphic file (type png)
<use ./images/5.png>
Package pdftex.def Info: ./images/5.png  used on input line 58.
(pdftex.def)             Requested size: 261.37471pt x 177.06029pt.
 [3 <./images/3.png> <./images/4.png>] [4 <./images/5.png>]
<./images/11.png, id=28, 1105.12875pt x 1105.12875pt>
File: ./images/11.png Graphic file (type png)
<use ./images/11.png>
Package pdftex.def Info: ./images/11.png  used on input line 64.
(pdftex.def)             Requested size: 390.0pt x 389.98795pt.
 [5 <./images/11.png>]
<./images/12.png, id=33, 379.4175pt x 252.945pt>
File: ./images/12.png Graphic file (type png)
<use ./images/12.png>
Package pdftex.def Info: ./images/12.png  used on input line 70.
(pdftex.def)             Requested size: 265.59042pt x 177.06029pt.
<./images/13.png, id=34, 367.3725pt x 252.945pt>
File: ./images/13.png Graphic file (type png)
<use ./images/13.png>
Package pdftex.def Info: ./images/13.png  used on input line 71.
(pdftex.def)             Requested size: 257.15898pt x 177.06029pt.
 [6 <./images/12.png>]
<./images/14.png, id=39, 383.4325pt x 252.945pt>
File: ./images/14.png Graphic file (type png)
<use ./images/14.png>
Package pdftex.def Info: ./images/14.png  used on input line 73.
(pdftex.def)             Requested size: 268.40092pt x 177.06029pt.
<./images/15.png, id=40, 377.41pt x 252.945pt>
File: ./images/15.png Graphic file (type png)
<use ./images/15.png>
Package pdftex.def Info: ./images/15.png  used on input line 74.
(pdftex.def)             Requested size: 264.1852pt x 177.06029pt.
 [7 <./images/13.png> <./images/14.png>] [8 <./images/15.png>]
<./images/21.png, id=51, 1105.12875pt x 1105.12875pt>
File: ./images/21.png Graphic file (type png)
<use ./images/21.png>
Package pdftex.def Info: ./images/21.png  used on input line 80.
(pdftex.def)             Requested size: 390.0pt x 389.98795pt.
 [9 <./images/21.png>]
<./images/22.png, id=56, 379.4175pt x 252.945pt>
File: ./images/22.png Graphic file (type png)
<use ./images/22.png>
Package pdftex.def Info: ./images/22.png  used on input line 86.
(pdftex.def)             Requested size: 265.59042pt x 177.06029pt.
<./images/23.png, id=57, 374.39874pt x 252.945pt>
File: ./images/23.png Graphic file (type png)
<use ./images/23.png>
Package pdftex.def Info: ./images/23.png  used on input line 87.
(pdftex.def)             Requested size: 262.07733pt x 177.06029pt.
 [10 <./images/22.png>]
<./images/24.png, id=62, 383.4325pt x 252.945pt>
File: ./images/24.png Graphic file (type png)
<use ./images/24.png>
Package pdftex.def Info: ./images/24.png  used on input line 89.
(pdftex.def)             Requested size: 268.40092pt x 177.06029pt.
<./images/25.png, id=63, 383.4325pt x 252.945pt>
File: ./images/25.png Graphic file (type png)
<use ./images/25.png>
Package pdftex.def Info: ./images/25.png  used on input line 90.
(pdftex.def)             Requested size: 268.40092pt x 177.06029pt.
 [11 <./images/23.png> <./images/24.png>] [12 <./images/25.png>]
(./HW2.aux) ) 
Here is how much of TeX's memory you used:
 3814 strings out of 492649
 52475 string characters out of 6129623
 119515 words of memory out of 5000000
 7659 multiletter control sequences out of 15000+600000
 5456 words of font info for 20 fonts, out of 8000000 for 9000
 1141 hyphenation exceptions out of 8191
 41i,5n,32p,270b,217s stack positions out of 5000i,500n,10000p,200000b,80000s
</usr/local/texlive/2018/texmf-dist/fonts/type1/public/amsfonts/cm
/cmbx12.pfb></usr/local/texlive/2018/texmf-dist/fonts/type1/public/amsfonts/cm/
cmr12.pfb>
Output written on HW2.pdf (12 pages, 401174 bytes).
PDF statistics:
 82 PDF objects out of 1000 (max. 8388607)
 35 compressed objects within 1 object stream
 0 named destinations out of 1000 (max. 500000)
 76 words of extra memory for PDF output out of 10000 (max. 10000000)

